2020-09-12 20:53:56: 1
2020-09-12 20:54:02: 1
2020-09-12 21:00:32: 1
2020-09-12 21:01:16: 1
2020-09-12 21:03:03: 2
2020-09-12 22:19:05: [0mGET /api/user/info [31m500 [0m11766.033 ms - 168[0m
2020-09-12 22:19:15: [0mGET /api/user/info [31m500 [0m10006.291 ms - 168[0m
2020-09-12 22:19:55: [0mPOST /api/user/login [31m500 [0m10151.885 ms - 168[0m
2020-09-12 22:21:43: [0mGET /api/article/getArticleList [33m404 [0m3.093 ms - 160[0m
2020-09-12 22:21:43: [0mGET /stylesheets/style.css [32m200 [0m42.987 ms - 111[0m
2020-09-12 22:21:43: [0mGET /favicon.ico [33m401 [0m2.271 ms - 36[0m
2020-09-12 22:21:44: [0mGET /stylesheets/style.css [36m304 [0m2.135 ms - -[0m
2020-09-12 22:31:28: [0mGET /api/article/getArticleList [33m404 [0m1.528 ms - 160[0m
2020-09-12 22:31:29: [0mGET /stylesheets/style.css [36m304 [0m2.263 ms - -[0m
2020-09-12 22:31:29: [0mGET /favicon.ico [33m401 [0m0.806 ms - 36[0m
2020-09-17 20:04:00: [0mGET /api/article/getArticleList [33m404 [0m1869.047 ms - 160[0m
2020-09-17 20:04:00: [0mGET /stylesheets/style.css [32m200 [0m15.281 ms - 111[0m
2020-09-17 20:04:00: [0mGET /favicon.ico [33m401 [0m1.804 ms - 36[0m
2020-09-17 20:04:34: [0mGET /api/user/info [33m401 [0m4.079 ms - 36[0m
2020-09-17 20:04:34: [0mPOST /api/article/getArticleList [32m200 [0m84.911 ms - 3023[0m
2020-09-17 20:04:41: [0mGET /api/user/info [33m401 [0m135.856 ms - 36[0m
2020-09-17 20:04:41: [0mPOST /api/article/getBlogDetail [32m200 [0m166.289 ms - 1641[0m
2020-09-17 20:04:41: [0mPOST /api/comment/getCommentsList [32m200 [0m55.332 ms - 354[0m
2020-09-17 20:04:41: [0mGET /uploads/20200911/1599833626030.jpeg [36m304 [0m3.401 ms - -[0m
